<?xml version="1.0" encoding="utf-8"?><testsuites name="pytest tests"><testsuite name="pytest" errors="0" failures="0" skipped="0" tests="95" time="27.764" timestamp="2026-08-17T05:24:26.544580+00:00" hostname="agent-env-0af80133-97fd-4521-935a-5553dfb4f516"><testcase classname="tests.backend_test.TestIbkbAndBankaBildirimi" name="test_seed" time="2.700" /><testcase classname="tests.backend_test.TestMatching" name="test_setup" time="2.752" /><testcase classname="tests.backend_test.TestIbkbAndBankaBildirimi" name="test_payment_persists_dth_ach_iban" time="0.257" /><testcase classname="tests.backend_test.TestMatching" name="test_ihracat_cannot_match" time="0.112" /><testcase classname="tests.backend_test.TestMatching" name="test_same_currency_match_kur_1" time="0.253" /><testcase classname="tests.backend_test.TestIbkbAndBankaBildirimi" name="test_ach_iban_fallback_to_default_env" time="0.258" /><testcase classname="tests.backend_test.TestMatching" name="test_over_declaration_kalan" time="0.075" /><testcase classname="tests.backend_test.TestMatching" name="test_over_payment_bakiye" time="0.073" /><testcase classname="tests.backend_test.TestIbkbAndBankaBildirimi" name="test_ibkb_payment_view_defaults" time="0.071" /><testcase classname="tests.backend_test.TestMatching" name="test_cross_currency_uses_tcmb" time="0.555" /><testcase classname="tests.backend_test.TestIbkbAndBankaBildirimi" name="test_ibkb_rbac_forbidden_roles" time="0.314" /><testcase classname="tests.backend_test.TestIbkbAndBankaBildirimi" name="test_dth_iban_from_payment" time="0.071" /><testcase classname="tests.backend_test.TestIbkbAndBankaBildirimi" name="test_banka_can_save_ibkb" time="0.146" /><testcase classname="tests.backend_test.TestIbkbAndBankaBildirimi" name="test_ibkb_input_rejects_legacy_tutar_fields" time="0.072" /><testcase classname="tests.backend_test.TestMatching" name="test_delete_blocked_when_matched" time="0.137" /><testcase classname="tests.backend_test.TestIbkbAndBankaBildirimi" name="test_create_matches" time="0.213" /><testcase classname="tests.backend_test.TestMatching" name="test_update_match_recalcs" time="0.192" /><testcase classname="tests.backend_test.TestIbkbAndBankaBildirimi" name="test_excel_banka_bildirimi_shape" time="0.269" /><testcase classname="tests.backend_test.TestMatching" name="test_delete_match_restores" time="0.210" /><testcase classname="tests.backend_test.TestMatching" name="test_cleanup" time="0.220" /><testcase classname="tests.backend_test.TestIbkbAndBankaBildirimi" name="test_declaration_view_returns_tesvik_taahhut" time="0.065" /><testcase classname="tests.backend_test.TestIbkbAndBankaBildirimi" name="test_audit_has_ibkb_module" time="0.073" /><testcase classname="tests.backend_test.TestIbkbAndBankaBildirimi" name="test_cleanup" time="0.426" /><testcase classname="tests.backend_test.TestDeclarations" name="test_create_with_kapanis" time="0.089" /><testcase classname="tests.backend_test.TestDeclarations" name="test_son_kapatma_falls_back_to_acilis" time="0.200" /><testcase classname="tests.backend_test.TestDeclarations" name="test_ibkb_destek_true" time="0.242" /><testcase classname="tests.backend_test.TestIteration7EslestirmeDetayiColumns" name="test_seed" time="0.431" /><testcase classname="tests.backend_test.TestDeclarations" name="test_duplicate_beyanname_no" time="0.069" /><testcase classname="tests.backend_test.TestDeclarations" name="test_rbac_create" time="0.314" /><testcase classname="tests.backend_test.TestIteration7EslestirmeDetayiColumns" name="test_eslestirme_detayi_has_19_columns_in_correct_order" time="0.094" /><testcase classname="tests.backend_test.TestIteration7EslestirmeDetayiColumns" name="test_eslestirme_detayi_new_cols_populated_with_custom_tcmb" time="0.096" /><testcase classname="tests.backend_test.TestDeclarations" name="test_all_roles_can_list" time="0.364" /><testcase classname="tests.backend_test.TestIteration7EslestirmeDetayiColumns" name="test_banka_bildirimi_custom_tcmb_reflected" time="0.109" /><testcase classname="tests.backend_test.TestIteration7EslestirmeDetayiColumns" name="test_beyanname_listesi_still_17_cols" time="0.107" /><testcase classname="tests.backend_test.TestIteration7EslestirmeDetayiColumns" name="test_regression_dashboard_and_reports" time="0.219" /><testcase classname="tests.backend_test.TestDeclarations" name="test_search_by_ithalatci_and_gumruk" time="0.163" /><testcase classname="tests.backend_test.TestIteration7EslestirmeDetayiColumns" name="test_regression_backup_and_restore_merge" time="1.397" /><testcase classname="tests.backend_test.TestDeclarations" name="test_filter_ibkb_destek" time="0.133" /><testcase classname="tests.backend_test.TestTwoFactor" name="test_login_2fa_returns_challenge" time="0.842" /><testcase classname="tests.backend_test.TestTwoFactor" name="test_verify_wrong_code_401" time="0.295" /><testcase classname="tests.backend_test.TestTwoFactor" name="test_verify_correct_code_issues_token" time="0.921" /><testcase classname="tests.backend_test.TestIteration7EslestirmeDetayiColumns" name="test_cleanup" time="0.218" /><testcase classname="tests.backend_test.TestIteration6Backup" name="test_backup_rbac_non_admin_forbidden" time="0.321" /><testcase classname="tests.backend_test.TestIteration6Backup" name="test_backup_download_json" time="1.111" /><testcase classname="tests.backend_test.TestTwoFactor" name="test_same_code_cannot_be_reused" time="0.087" /><testcase classname="tests.backend_test.TestTwoFactor" name="test_resend_creates_new_challenge_invalidates_old" time="2.768" /><testcase classname="tests.backend_test.TestIteration6Backup" name="test_restore_rbac_non_admin_forbidden" time="0.305" /><testcase classname="tests.backend_test.TestIteration6Backup" name="test_restore_invalid_file_400" time="0.074" /><testcase classname="tests.backend_test.TestIteration6Backup" name="test_restore_non_backup_json_400" time="0.069" /><testcase classname="tests.backend_test.TestIteration6Backup" name="test_restore_merge_roundtrip" time="0.673" /><testcase classname="tests.backend_test.TestIteration6Backup" name="test_backup_audit_log" time="0.090" /><testcase classname="tests.backend_test.TestIteration8ExportRowsSelection" name="test_seed" time="0.587" /><testcase classname="tests.backend_test.TestIteration8ExportRowsSelection" name="test_export_rows_returns_candidates_unsent" time="0.226" /><testcase classname="tests.backend_test.TestIteration8ExportRowsSelection" name="test_export_check_respects_match_ids" time="0.541" /><testcase classname="tests.backend_test.TestTwoFactor" name="test_five_wrong_attempts_locks" time="5.384" /><testcase classname="tests.backend_test.TestIteration8ExportRowsSelection" name="test_export_excel_mark_sent_false_does_not_flag" time="0.164" /><testcase classname="tests.backend_test.TestIteration8ExportRowsSelection" name="test_export_excel_only_selected_rows" time="0.302" /><testcase classname="tests.backend_test.TestIteration8ExportRowsSelection" name="test_export_excel_marks_sent_by_default" time="4.303" /><testcase classname="tests.backend_test.TestIteration8ExportRowsSelection" name="test_cleanup" time="0.610" /><testcase classname="tests.backend_test.TestTwoFactor" name="test_two_factor_off_account_single_step" time="0.297" /><testcase classname="tests.backend_test.TestIteration8TryKapsamDisi" name="test_seed_try_dec_and_payment" time="0.187" /><testcase classname="tests.backend_test.TestIteration8TryKapsamDisi" name="test_match_try_makes_dec_kapsam_disi" time="0.350" /><testcase classname="tests.backend_test.TestAuth" name="test_login_all_roles" time="1.537" /><testcase classname="tests.backend_test.TestIteration8TryKapsamDisi" name="test_kapsam_disi_excluded_from_reports" time="0.375" /><testcase classname="tests.backend_test.TestIteration8TryKapsamDisi" name="test_delete_match_restores_alinmadi" time="0.305" /><testcase classname="tests.backend_test.TestIteration8TryKapsamDisi" name="test_eur_dec_with_try_payment_marks_kapsam_disi" time="1.236" /><testcase classname="tests.backend_test.TestAuth" name="test_login_wrong_password" time="0.294" /><testcase classname="tests.backend_test.TestAuth" name="test_me" time="0.084" /><testcase classname="tests.backend_test.TestAuth" name="test_me_unauthorized" time="0.069" /><testcase classname="tests.backend_test.TestIteration8IbkbOnlyPayments" name="test_seed_two_payments" time="0.237" /><testcase classname="tests.backend_test.TestIteration8TryKapsamDisi" name="test_cleanup" time="0.204" /><testcase classname="tests.backend_test.TestIteration8IbkbOnlyPayments" name="test_ibkb_only_filter_excludes_undocumented" time="0.067" /><testcase classname="tests.backend_test.TestIteration8IbkbOnlyPayments" name="test_without_ibkb_only_both_visible" time="0.075" /><testcase classname="tests.backend_test.TestIteration8IbkbOnlyPayments" name="test_cleanup" time="0.192" /><testcase classname="tests.backend_test.TestReportsAndDashboard" name="test_reports_summary" time="0.068" /><testcase classname="tests.backend_test.TestReportsAndDashboard" name="test_dashboard" time="0.081" /><testcase classname="tests.backend_test.TestUsers" name="test_admin_only_list" time="0.396" /><testcase classname="tests.backend_test.TestReportsAndDashboard" name="test_audit_logs" time="0.069" /><testcase classname="tests.backend_test.TestReportsAndDashboard" name="test_excel_export_has_new_columns" time="0.231" /><testcase classname="tests.backend_test.TestAlerts" name="test_preview_all_roles" time="0.428" /><testcase classname="tests.backend_test.TestUsers" name="test_non_admin_cannot_create" time="0.336" /><testcase classname="tests.backend_test.TestUsers" name="test_admin_crud_user" time="0.488" /><testcase classname="tests.backend_test.TestAlerts" name="test_send_rbac_forbidden_roles" time="0.421" /><testcase classname="tests.backend_test.TestAlerts" name="test_send_by_onaylayan_and_audit" time="1.525" /><testcase classname="tests.backend_test.TestIteration8ZorunluBozdurma35" name="test_zorunlu_bozdurma_is_35_percent" time="0.078" /><testcase classname="tests.backend_test.TestIteration8ZorunluBozdurma35" name="test_zorunlu_bozdurma_via_list" time="0.100" /><testcase classname="tests.backend_test.TestIteration8ZorunluBozdurma35" name="test_cleanup" time="0.074" /><testcase classname="tests.backend_test.TestIteration6NotesRemoval" name="test_excel_first_sheet_has_no_notes_block" time="0.114" /><testcase classname="tests.backend_test.TestIteration6NotesRemoval" name="test_excel_opens_cleanly_with_openpyxl" time="0.098" /><testcase classname="tests.backend_test.TestIteration6ExportCheck" name="test_export_check_ok" time="0.099" /><testcase classname="tests.backend_test.TestIteration6ExportCheck" name="test_export_check_requires_auth" time="0.071" /><testcase classname="tests.backend_test.TestUserTwoFactorToggle" name="test_admin_toggle_two_factor" time="5.712" /><testcase classname="tests.backend_test.TestPayments" name="test_banka_create" time="0.066" /><testcase classname="tests.backend_test.TestPayments" name="test_rbac_create" time="0.204" /><testcase classname="tests.backend_test.TestIteration6DashboardExtras" name="test_dashboard_has_new_cards" time="0.068" /></testsuite></testsuites>