<?xml version="1.0" encoding="utf-8"?><testsuites name="pytest tests"><testsuite name="pytest" errors="0" failures="0" skipped="0" tests="51" time="15.114" timestamp="2026-08-10T05:45:26.631507+00:00" hostname="agent-env-0af80133-97fd-4521-935a-5553dfb4f516"><testcase classname="tests.backend_test.TestIbkbAndBankaBildirimi" name="test_seed" time="2.473" /><testcase classname="tests.backend_test.TestMatching" name="test_setup" time="2.536" /><testcase classname="tests.backend_test.TestIbkbAndBankaBildirimi" name="test_ibkb_payment_view_defaults" time="0.076" /><testcase classname="tests.backend_test.TestMatching" name="test_ihracat_cannot_match" time="0.067" /><testcase classname="tests.backend_test.TestIbkbAndBankaBildirimi" name="test_ibkb_rbac_forbidden_roles" time="0.261" /><testcase classname="tests.backend_test.TestMatching" name="test_same_currency_match_kur_1" time="0.208" /><testcase classname="tests.backend_test.TestMatching" name="test_over_declaration_kalan" time="0.079" /><testcase classname="tests.backend_test.TestIbkbAndBankaBildirimi" name="test_ibkb_validation_overflow" time="0.078" /><testcase classname="tests.backend_test.TestIbkbAndBankaBildirimi" name="test_banka_can_save_ibkb" time="0.138" /><testcase classname="tests.backend_test.TestMatching" name="test_over_payment_bakiye" time="0.068" /><testcase classname="tests.backend_test.TestMatching" name="test_cross_currency_uses_tcmb" time="0.480" /><testcase classname="tests.backend_test.TestIbkbAndBankaBildirimi" name="test_create_matches" time="0.167" /><testcase classname="tests.backend_test.TestIbkbAndBankaBildirimi" name="test_excel_banka_bildirimi_shape" time="0.263" /><testcase classname="tests.backend_test.TestMatching" name="test_delete_blocked_when_matched" time="0.138" /><testcase classname="tests.backend_test.TestIbkbAndBankaBildirimi" name="test_declaration_view_returns_tesvik_taahhut" time="0.105" /><testcase classname="tests.backend_test.TestIbkbAndBankaBildirimi" name="test_audit_has_ibkb_module" time="0.067" /><testcase classname="tests.backend_test.TestMatching" name="test_update_match_recalcs" time="0.140" /><testcase classname="tests.backend_test.TestIbkbAndBankaBildirimi" name="test_cleanup" time="0.433" /><testcase classname="tests.backend_test.TestMatching" name="test_delete_match_restores" time="0.146" /><testcase classname="tests.backend_test.TestMatching" name="test_cleanup" time="0.223" /><testcase classname="tests.backend_test.TestDeclarations" name="test_create_with_kapanis" time="0.074" /><testcase classname="tests.backend_test.TestTwoFactor" name="test_login_2fa_returns_challenge" time="1.085" /><testcase classname="tests.backend_test.TestDeclarations" name="test_son_kapatma_falls_back_to_acilis" time="0.556" /><testcase classname="tests.backend_test.TestDeclarations" name="test_ibkb_destek_true" time="0.148" /><testcase classname="tests.backend_test.TestDeclarations" name="test_duplicate_beyanname_no" time="0.066" /><testcase classname="tests.backend_test.TestDeclarations" name="test_rbac_create" time="0.223" /><testcase classname="tests.backend_test.TestDeclarations" name="test_all_roles_can_list" time="0.530" /><testcase classname="tests.backend_test.TestTwoFactor" name="test_verify_wrong_code_401" time="0.288" /><testcase classname="tests.backend_test.TestTwoFactor" name="test_verify_correct_code_issues_token" time="1.218" /><testcase classname="tests.backend_test.TestDeclarations" name="test_search_by_ithalatci_and_gumruk" time="0.147" /><testcase classname="tests.backend_test.TestDeclarations" name="test_filter_ibkb_destek" time="0.130" /><testcase classname="tests.backend_test.TestAuth" name="test_login_all_roles" time="2.008" /><testcase classname="tests.backend_test.TestTwoFactor" name="test_same_code_cannot_be_reused" time="0.326" /><testcase classname="tests.backend_test.TestTwoFactor" name="test_resend_creates_new_challenge_invalidates_old" time="3.364" /><testcase classname="tests.backend_test.TestAuth" name="test_login_wrong_password" time="0.295" /><testcase classname="tests.backend_test.TestAuth" name="test_me" time="0.062" /><testcase classname="tests.backend_test.TestAuth" name="test_me_unauthorized" time="0.066" /><testcase classname="tests.backend_test.TestReportsAndDashboard" name="test_reports_summary" time="0.065" /><testcase classname="tests.backend_test.TestReportsAndDashboard" name="test_dashboard" time="0.070" /><testcase classname="tests.backend_test.TestReportsAndDashboard" name="test_audit_logs" time="0.085" /><testcase classname="tests.backend_test.TestReportsAndDashboard" name="test_excel_export_has_new_columns" time="0.090" /><testcase classname="tests.backend_test.TestUsers" name="test_admin_only_list" time="0.532" /><testcase classname="tests.backend_test.TestUsers" name="test_non_admin_cannot_create" time="0.271" /><testcase classname="tests.backend_test.TestUsers" name="test_admin_crud_user" time="0.442" /><testcase classname="tests.backend_test.TestPayments" name="test_banka_create" time="0.066" /><testcase classname="tests.backend_test.TestPayments" name="test_rbac_create" time="0.431" /><testcase classname="tests.backend_test.TestTwoFactor" name="test_five_wrong_attempts_locks" time="2.427" /><testcase classname="tests.backend_test.TestAlerts" name="test_preview_all_roles" time="0.944" /><testcase classname="tests.backend_test.TestAlerts" name="test_send_rbac_forbidden_roles" time="0.364" /><testcase classname="tests.backend_test.TestTwoFactor" name="test_two_factor_off_account_single_step" time="0.287" /><testcase classname="tests.backend_test.TestUserTwoFactorToggle" name="test_admin_toggle_two_factor" time="1.635" /></testsuite></testsuites>